#-----------------------------------------------------------
# Vivado v2018.2 (64-bit)
# SW Build 2258646 on Thu Jun 14 20:03:12 MDT 2018
# IP Build 2256618 on Thu Jun 14 22:10:49 MDT 2018
# Start of session at: Mon Jan 23 21:15:27 2023
# Process ID: 12976
# Current directory: C:/Users/pisar/Desktop/GitHub/Repositories/Vivado_MNIST/Tut-5/myProject1
# Command line: vivado.exe -gui_launcher_event rodinguilauncherevent8912 C:\Users\pisar\Desktop\GitHub\Repositories\Vivado_MNIST\Tut-5\myProject1\myProject1.xpr
# Log file: C:/Users/pisar/Desktop/GitHub/Repositories/Vivado_MNIST/Tut-5/myProject1/vivado.log
# Journal file: C:/Users/pisar/Desktop/GitHub/Repositories/Vivado_MNIST/Tut-5/myProject1\vivado.jou
#-----------------------------------------------------------
start_gui
open_project C:/Users/pisar/Desktop/GitHub/Repositories/Vivado_MNIST/Tut-5/myProject1/myProject1.xpr
INFO: [Project 1-313] Project file moved from 'C:/Users/VIPIN/Desktop/zynet-master/zynet-master/sample/myProject1' since last save.
Scanning sources...
Finished scanning sources
WARNING: [filemgmt 56-2] IPUserFilesDir: Could not find the directory 'C:/Users/pisar/Desktop/GitHub/Repositories/Vivado_MNIST/Tut-5/myProject1/p_user_files', nor could it be found using path 'C:/Users/VIPIN/Desktop/zynet-master/zynet-master/sample/myProject1/p_user_files'.
WARNING: [Project 1-231] Project 'myProject1.xpr' was created with a future version and may or may not perform reliably with this version of Vivado. It has been opened in read-only mode for the protection of unrecognized data. Use 'File | Save Project As...' if you wish to alter a copy of the project.
INFO: [IP_Flow 19-234] Refreshing IP repositories
INFO: [IP_Flow 19-1704] No user IP repositories specified
INFO: [IP_Flow 19-2313] Loaded Vivado IP repository 'C:/Xilinx/Vivado/2018.2/data/ip'.
open_project: Time (s): cpu = 00:00:18 ; elapsed = 00:00:13 . Memory (MB): peak = 743.988 ; gain = 58.203
update_compile_order -fileset sources_1
save_project_as MNIST C:/Users/pisar/Desktop/GitHub/Repositories/Vivado_MNIST/Tut-5/MNIST -force
INFO: [Common 17-41] Interrupt caught. Command should exit soon.
